Log file open, 11/13/18 08:57:30
LogWindows: Failed to load 'aqProf.dll' (GetLastError=126)
LogWindows: File 'aqProf.dll' does not exist
LogWindows: Failed to load 'VSPerf140.dll' (GetLastError=126)
LogWindows: File 'VSPerf140.dll' does not exist
LogWindows: Failed to load 'VtuneApi.dll' (GetLastError=126)
LogWindows: File 'VtuneApi.dll' does not exist
LogWindows: Failed to load 'VtuneApi32e.dll' (GetLastError=126)
LogWindows: File 'VtuneApi32e.dll' does not exist
LogInit: Display: Running engine for game: wizardWar_alpha
LogPlatformFile: Not using cached read wrapper
LogTaskGraph: Started task graph with 5 named threads and 23 total threads with 3 sets of task threads.
LogStats: Stats thread started at 0.270945
LogD3D11RHI: Loaded GFSDK_Aftermath_Lib.x64.dll
LogICUInternationalization: Display: ICU TimeZone Detection - Raw Offset: -8:00, Platform Override: ''
LogPluginManager: Mounting plugin Paper2D
LogPluginManager: Mounting plugin AISupport
LogPluginManager: Mounting plugin LightPropagationVolume
LogPluginManager: Mounting plugin CLionSourceCodeAccess
LogPluginManager: Mounting plugin CodeLiteSourceCodeAccess
LogPluginManager: Mounting plugin GitSourceControl
LogPluginManager: Mounting plugin KDevelopSourceCodeAccess
LogPluginManager: Mounting plugin NullSourceCodeAccess
LogPluginManager: Mounting plugin PerforceSourceControl
LogPluginManager: Mounting plugin SubversionSourceControl
LogPluginManager: Mounting plugin UObjectPlugin
LogPluginManager: Mounting plugin VisualStudioCodeSourceCodeAccess
LogPluginManager: Mounting plugin VisualStudioSourceCodeAccess
LogPluginManager: Mounting plugin XCodeSourceCodeAccess
LogPluginManager: Mounting plugin AssetManagerEditor
LogPluginManager: Mounting plugin CryptoKeys
LogPluginManager: Mounting plugin DataValidation
LogPluginManager: Mounting plugin FacialAnimation
LogPluginManager: Mounting plugin GameplayTagsEditor
LogPluginManager: Mounting plugin MacGraphicsSwitching
LogPluginManager: Mounting plugin MeshEditor
LogPluginManager: Mounting plugin MobileLauncherProfileWizard
LogPluginManager: Mounting plugin PluginBrowser
LogPluginManager: Mounting plugin SpeedTreeImporter
LogPluginManager: Mounting plugin DatasmithContent
LogPluginManager: Mounting plugin AlembicImporter
LogPluginManager: Mounting plugin AppleImageUtils
LogPluginManager: Mounting plugin AppleVision
LogPluginManager: Mounting plugin BackChannel
LogPluginManager: Mounting plugin CharacterAI
LogPluginManager: Mounting plugin GeometryCache
LogPluginManager: Mounting plugin HTML5Networking
LogPluginManager: Mounting plugin ProxyLODPlugin
LogPluginManager: Mounting plugin MagicLeap
LogPluginManager: Mounting plugin MagicLeapEmulator
LogPluginManager: Mounting plugin MagicLeapMedia
LogPluginManager: Mounting plugin AndroidMedia
LogPluginManager: Mounting plugin AvfMedia
LogPluginManager: Mounting plugin ImgMedia
LogPluginManager: Mounting plugin LinearTimecode
LogPluginManager: Mounting plugin MediaCompositing
LogPluginManager: Mounting plugin MediaPlayerEditor
LogPluginManager: Mounting plugin WmfMedia
LogPluginManager: Mounting plugin TcpMessaging
LogPluginManager: Mounting plugin UdpMessaging
LogPluginManager: Mounting plugin ActorSequence
LogPluginManager: Mounting plugin LevelSequenceEditor
LogPluginManager: Mounting plugin MatineeToLevelSequence
LogPluginManager: Mounting plugin NetcodeUnitTest
LogPluginManager: Mounting plugin NUTUnrealEngine4
LogPluginManager: Mounting plugin OnlineSubsystemGooglePlay
LogPluginManager: Mounting plugin OnlineSubsystemIOS
LogPluginManager: Mounting plugin OnlineSubsystem
LogPluginManager: Mounting plugin OnlineSubsystemNull
LogPluginManager: Mounting plugin OnlineSubsystemUtils
LogPluginManager: Mounting plugin LauncherChunkInstaller
LogPluginManager: Mounting plugin AndroidDeviceProfileSelector
LogPluginManager: Mounting plugin AndroidMoviePlayer
LogPluginManager: Mounting plugin AndroidPermission
LogPluginManager: Mounting plugin AppleMoviePlayer
LogPluginManager: Mounting plugin ArchVisCharacter
LogPluginManager: Mounting plugin AudioCapture
LogPluginManager: Mounting plugin CableComponent
LogPluginManager: Mounting plugin CustomMeshComponent
LogPluginManager: Mounting plugin EditableMesh
LogPluginManager: Mounting plugin ExampleDeviceProfileSelector
LogPluginManager: Mounting plugin GoogleCloudMessaging
LogPluginManager: Mounting plugin ImmediatePhysics
LogPluginManager: Mounting plugin IOSDeviceProfileSelector
LogPluginManager: Mounting plugin LinuxDeviceProfileSelector
LogPluginManager: Mounting plugin LocationServicesBPLibrary
LogPluginManager: Mounting plugin MobilePatchingUtils
LogPluginManager: Mounting plugin OculusVR
LogPluginManager: Plugin shader directory ../../../Engine/Plugins/Runtime/Oculus/OculusVR/Shaders found
LogPluginManager: Mapping shader source directory ../../../Engine/Plugins/Runtime/Oculus/OculusVR/Shaders to virtual directory /Plugin/OculusVR
LogPluginManager: Mounting plugin PhysXVehicles
LogPluginManager: Mounting plugin ProceduralMeshComponent
LogPluginManager: Mounting plugin RuntimePhysXCooking
LogPluginManager: Mounting plugin SteamVR
LogPluginManager: Mounting plugin WindowsMoviePlayer
LogStreaming: Display: Took  0.124s to configure plugins.
LogInit: Using libcurl 7.55.1-DEV
LogInit:  - built for x86_64-pc-win32
LogInit:  - supports SSL with OpenSSL/1.0.2h
LogInit:  - supports HTTP deflate (compression) using libz 1.2.8
LogInit:  - other features:
LogInit:      CURL_VERSION_SSL
LogInit:      CURL_VERSION_LIBZ
LogInit:      CURL_VERSION_IPV6
LogInit:      CURL_VERSION_ASYNCHDNS
LogInit:      CURL_VERSION_LARGEFILE
LogInit:      CURL_VERSION_IDN
LogInit:  CurlRequestOptions (configurable via config and command line):
LogInit:  - bVerifyPeer = false  - Libcurl will NOT verify peer certificate
LogInit:  - bUseHttpProxy = false  - Libcurl will NOT use HTTP proxy
LogInit:  - bDontReuseConnections = false  - Libcurl will reuse connections
LogInit:  - CertBundlePath = nullptr  - Libcurl will use whatever was configured at build time.
LogInit:  - MaxHostConnections = 16  - Libcurl will limit the number of connections to a host
LogInit:  - LocalHostAddr = Default
LogInit:  - BufferSize = 65536
LogInit: WinSock: version 1.1 (2.2), MaxSocks=32767, MaxUdp=65467
LogHMD: Failed initializing OVRPlugin 1.25.0
LogInit: Build: ++UE4+Release-4.20-CL-4369336
LogInit: Engine Version: 4.20.3-4369336+++UE4+Release-4.20
LogInit: Compatible Engine Version: 4.20.0-4212847+++UE4+Release-4.20
LogInit: Net CL: 4212847
LogInit: OS: Windows 10 (), CPU: Intel(R) Core(TM) i7-6700 CPU @ 3.40GHz, GPU: NVIDIA GeForce GTX 980
LogInit: Compiled (64-bit): Sep 17 2018 12:26:19
LogInit: Compiled with Visual C++: 19.13.26129.00
LogInit: Build Configuration: Development
LogInit: Branch Name: ++UE4+Release-4.20
LogInit: Command Line: -EpicPortal  -epicusername="sacmakersharris" -epicuserid=e2a335f1a7a447ebadf0dc00688835c6 -epiclocale=en-US
LogInit: Base Directory: D:/UE_4.20/Engine/Binaries/Win64/
LogInit: Installed Engine Build: 1
LogDevObjectVersion: Number of dev versions registered: 20
LogDevObjectVersion:   Dev-Blueprints (B0D832E4-1F89-4F0D-ACCF-7EB736FD4AA2): 10
LogDevObjectVersion:   Dev-Build (E1C64328-A22C-4D53-A36C-8E866417BD8C): 0
LogDevObjectVersion:   Dev-Core (375EC13C-06E4-48FB-B500-84F0262A717E): 2
LogDevObjectVersion:   Dev-Editor (E4B068ED-F494-42E9-A231-DA0B2E46BB41): 24
LogDevObjectVersion:   Dev-Framework (CFFC743F-43B0-4480-9391-14DF171D2073): 34
LogDevObjectVersion:   Dev-Mobile (B02B49B5-BB20-44E9-A304-32B752E40360): 2
LogDevObjectVersion:   Dev-Networking (A4E4105C-59A1-49B5-A7C5-40C4547EDFEE): 0
LogDevObjectVersion:   Dev-Online (39C831C9-5AE6-47DC-9A44-9C173E1C8E7C): 0
LogDevObjectVersion:   Dev-Physics (78F01B33-EBEA-4F98-B9B4-84EACCB95AA2): 0
LogDevObjectVersion:   Dev-Platform (6631380F-2D4D-43E0-8009-CF276956A95A): 0
LogDevObjectVersion:   Dev-Rendering (12F88B9F-8875-4AFC-A67C-D90C383ABD29): 26
LogDevObjectVersion:   Dev-Sequencer (7B5AE74C-D270-4C10-A958-57980B212A5A): 9
LogDevObjectVersion:   Dev-VR (D7296918-1DD6-4BDD-9DE2-64A83CC13884): 2
LogDevObjectVersion:   Dev-LoadTimes (C2A15278-BFE7-4AFE-6C17-90FF531DF755): 1
LogDevObjectVersion:   Private-Geometry (6EACA3D4-40EC-4CC1-B786-8BED09428FC5): 3
LogDevObjectVersion:   Dev-AnimPhys (29E575DD-E0A3-4627-9D10-D276232CDCEA): 17
LogDevObjectVersion:   Dev-ReflectionCapture (6B266CEC-1EC7-4B8F-A30B-E4D90942FC07): 1
LogDevObjectVersion:   Dev-Automation (0DF73D61-A23F-47EA-B727-89E90C41499A): 1
LogDevObjectVersion:   FortniteMain (601D1886-AC64-4F84-AA16-D3DE0DEAC7D6): 12
LogDevObjectVersion:   Dev-Enterprise (9DFFBCD6-494F-0158-E221-12823C92A888): 1
LogStreaming: Display: Took  0.000s to delete old logs.
LogInit: Presizing for max 8388607 objects, including 0 objects not considered by GC, pre-allocating 0 bytes for permanent pool.
LogInit: Object subsystem initialized
[2018.11.13-16.57.31:265][  0]LogInit: Selected Device Profile: [Windows]
[2018.11.13-16.57.31:265][  0]LogInit: Applying CVar settings loaded from the selected device profile: [Windows]
[2018.11.13-16.57.31:275][  0]LogHAL: Display: Platform has ~ 16 GB [17138335744 / 17179869184 / 16], which maps to Larger [LargestMinGB=32, LargerMinGB=12, DefaultMinGB=8, SmallerMinGB=6, SmallestMinGB=0)
[2018.11.13-16.57.31:275][  0]LogInit: Setting Device Profile CVar: [[r.Vulkan.UseRealUBs:1]]
[2018.11.13-16.57.31:275][  0]LogInit: Going up to parent DeviceProfile []
[2018.11.13-16.57.31:275][  0]LogInit: Computer: DESKTOP-F9DB7QO
[2018.11.13-16.57.31:275][  0]LogInit: User: SacMakers
[2018.11.13-16.57.31:275][  0]LogInit: CPU Page size=4096, Cores=4
[2018.11.13-16.57.31:275][  0]LogInit: High frequency timer resolution =3.328128 MHz
[2018.11.13-16.57.31:276][  0]LogMemory: Memory total: Physical=16.0GB (16GB approx)
[2018.11.13-16.57.31:276][  0]LogMemory: Platform Memory Stats for Windows
[2018.11.13-16.57.31:276][  0]LogMemory: Process Physical Memory: 102.24 MB used, 102.24 MB peak
[2018.11.13-16.57.31:276][  0]LogMemory: Process Virtual Memory: 92.47 MB used, 92.47 MB peak
[2018.11.13-16.57.31:276][  0]LogMemory: Physical Memory: 5990.49 MB used,  10353.90 MB free, 16344.39 MB total
[2018.11.13-16.57.31:276][  0]LogMemory: Virtual Memory: 4653.41 MB used,  10353.90 MB free, 134217728.00 MB total
[2018.11.13-16.57.31:292][  0]LogInit: Using OS detected language (en-US).
[2018.11.13-16.57.31:292][  0]LogInit: Using OS detected locale (en-US).
[2018.11.13-16.57.31:293][  0]LogTextLocalizationManager: No specific localization for 'en-US' exists, so the 'en' localization will be used.
[2018.11.13-16.57.31:629][  0]LogStreaming: Display: Took  0.337s to InitEngineTextLocalization.
[2018.11.13-16.57.31:629][  0]LogInit: Setting process to per monitor DPI aware
[2018.11.13-16.57.31:656][  0]LogSlate: New Slate User Created.  User Index 0, Is Virtual User: 0
[2018.11.13-16.57.31:656][  0]LogSlate: Slate User Registered.  User Index 0, Is Virtual User: 0
[2018.11.13-16.57.31:932][  0]LogHMD: Failed to initialize OpenVR with code 100
[2018.11.13-16.57.31:932][  0]LogD3D11RHI: D3D11 adapters:
[2018.11.13-16.57.31:983][  0]LogD3D11RHI:    0. 'NVIDIA GeForce GTX 980' (Feature Level 11_0)
[2018.11.13-16.57.31:983][  0]LogD3D11RHI:       4053/0/8172 MB DedicatedVideo/DedicatedSystem/SharedSystem, Outputs:1, VendorId:0x10de
[2018.11.13-16.57.31:985][  0]LogD3D11RHI:    1. 'Microsoft Basic Render Driver' (Feature Level 11_0)
[2018.11.13-16.57.31:985][  0]LogD3D11RHI:       0/0/8172 MB DedicatedVideo/DedicatedSystem/SharedSystem, Outputs:0, VendorId:0x1414
[2018.11.13-16.57.31:985][  0]LogD3D11RHI: Chosen D3D11 Adapter: 0
[2018.11.13-16.57.31:992][  0]LogD3D11RHI: Creating new Direct3DDevice
[2018.11.13-16.57.31:992][  0]LogD3D11RHI:     GPU DeviceId: 0x13c0 (for the marketing name, search the web for "GPU Device Id")
[2018.11.13-16.57.31:992][  0]LogWindows: EnumDisplayDevices:
[2018.11.13-16.57.31:992][  0]LogWindows:    0. 'NVIDIA GeForce GTX 980' (P:1 D:1)
[2018.11.13-16.57.31:992][  0]LogWindows:    1. 'NVIDIA GeForce GTX 980' (P:0 D:0)
[2018.11.13-16.57.31:993][  0]LogWindows:    2. 'NVIDIA GeForce GTX 980' (P:0 D:0)
[2018.11.13-16.57.31:993][  0]LogWindows:    3. 'NVIDIA GeForce GTX 980' (P:0 D:0)
[2018.11.13-16.57.31:993][  0]LogWindows: DebugString: FoundDriverCount:4 
[2018.11.13-16.57.31:993][  0]LogD3D11RHI:     Adapter Name: NVIDIA GeForce GTX 980
[2018.11.13-16.57.31:993][  0]LogD3D11RHI:   Driver Version: 391.35 (internal:23.21.13.9135, unified:391.35)
[2018.11.13-16.57.31:993][  0]LogD3D11RHI:      Driver Date: 3-23-2018
[2018.11.13-16.57.31:993][  0]LogRHI: Texture pool is 2837 MB (70% of 4053 MB)
[2018.11.13-16.57.32:027][  0]LogD3D11RHI: Async texture creation enabled
[2018.11.13-16.57.32:100][  0]LogD3D11RHI: GPU Timing Frequency: 1000.000000 (Debug: 2 2)
[2018.11.13-16.57.32:101][  0]LogShaderCompilers: Guid format shader working directory is 12 characters bigger than the processId version (../../../../wizardWar/wizardWar_alpha/Intermediate/Shaders/WorkingDirectory/17128/).
[2018.11.13-16.57.32:102][  0]LogShaderCompilers: Cleaned the shader compiler working directory 'C:/Users/SacMakers/AppData/Local/Temp/UnrealShaderWorkingDir/4B3C751E4DAC232516C3EB809902DE0C/'.
[2018.11.13-16.57.32:361][  0]LogTemp: Display: Loaded TP AllDesktopTargetPlatform
[2018.11.13-16.57.32:373][  0]LogTemp: Display: Loaded TP MacClientTargetPlatform
[2018.11.13-16.57.32:384][  0]LogTemp: Display: Loaded TP MacNoEditorTargetPlatform
[2018.11.13-16.57.32:395][  0]LogTemp: Display: Loaded TP MacServerTargetPlatform
[2018.11.13-16.57.32:406][  0]LogTemp: Display: Loaded TP MacTargetPlatform
[2018.11.13-16.57.32:416][  0]LogTemp: Display: Loaded TP WindowsClientTargetPlatform
[2018.11.13-16.57.32:428][  0]LogTemp: Display: Loaded TP WindowsNoEditorTargetPlatform
[2018.11.13-16.57.32:439][  0]LogTemp: Display: Loaded TP WindowsServerTargetPlatform
[2018.11.13-16.57.32:444][  0]LogTemp: Display: Loaded TP WindowsTargetPlatform
[2018.11.13-16.57.32:513][  0]LogTemp: Display: Loaded TP AndroidTargetPlatform
[2018.11.13-16.57.32:513][  0]LogTemp: Display: Loaded TP AndroidTargetPlatform
[2018.11.13-16.57.32:513][  0]LogTemp: Display: Loaded TP AndroidTargetPlatform
[2018.11.13-16.57.32:513][  0]LogTemp: Display: Loaded TP AndroidTargetPlatform
[2018.11.13-16.57.32:513][  0]LogTemp: Display: Loaded TP AndroidTargetPlatform
[2018.11.13-16.57.32:514][  0]LogTemp: Display: Loaded TP AndroidTargetPlatform
[2018.11.13-16.57.32:514][  0]LogTemp: Display: Loaded TP AndroidTargetPlatform
[2018.11.13-16.57.32:514][  0]LogTemp: Display: Loaded TP AndroidTargetPlatform
[2018.11.13-16.57.32:514][  0]LogTemp: Display: Loaded TP AndroidTargetPlatform
[2018.11.13-16.57.32:514][  0]LogTemp: Display: Loaded TP AndroidTargetPlatform
[2018.11.13-16.57.32:514][  0]LogTemp: Display: Loaded TP AndroidTargetPlatform
[2018.11.13-16.57.32:514][  0]LogTemp: Display: Loaded TP AndroidTargetPlatform
[2018.11.13-16.57.32:514][  0]LogTemp: Display: Loaded TP AndroidTargetPlatform
[2018.11.13-16.57.32:514][  0]LogTemp: Display: Loaded TP AndroidTargetPlatform
[2018.11.13-16.57.32:514][  0]LogTemp: Display: Loaded TP AndroidTargetPlatform
[2018.11.13-16.57.32:514][  0]LogTemp: Display: Loaded TP AndroidTargetPlatform
[2018.11.13-16.57.32:514][  0]LogTemp: Display: Loaded TP AndroidTargetPlatform
[2018.11.13-16.57.32:514][  0]LogTemp: Display: Loaded TP AndroidTargetPlatform
[2018.11.13-16.57.32:515][  0]LogTemp: Display: Loaded TP HTML5TargetPlatform
[2018.11.13-16.57.32:572][  0]LogTemp: Display: Loaded TP IOSTargetPlatform
[2018.11.13-16.57.32:572][  0]LogTemp: Display: Loaded TP IOSTargetPlatform
[2018.11.13-16.57.32:593][  0]LogTemp: Display: Loaded TP TVOSTargetPlatform
[2018.11.13-16.57.32:593][  0]LogTemp: Display: Loaded TP TVOSTargetPlatform
[2018.11.13-16.57.32:604][  0]LogTemp: Display: Loaded TP LinuxClientTargetPlatform
[2018.11.13-16.57.32:615][  0]LogTemp: Display: Loaded TP LinuxNoEditorTargetPlatform
[2018.11.13-16.57.32:626][  0]LogTemp: Display: Loaded TP LinuxServerTargetPlatform
[2018.11.13-16.57.32:637][  0]LogTemp: Display: Loaded TP LinuxTargetPlatform
[2018.11.13-16.57.32:645][  0]LogTemp: Display: Loaded TP LuminTargetPlatform
[2018.11.13-16.57.32:645][  0]LogTargetPlatformManager: Display: Building Assets For Windows
[2018.11.13-16.57.32:690][  0]LogXGEController: Cannot use XGE Controller as Incredibuild is not installed on this machine.
[2018.11.13-16.57.32:690][  0]LogShaderCompilers: Cannot use XGE Shader Compiler as Incredibuild is not installed on this machine.
[2018.11.13-16.57.32:690][  0]LogShaderCompilers: Display: Using Local Shader Compiler.
[2018.11.13-16.57.33:321][  0]LogDerivedDataCache: Display: Max Cache Size: 512 MB
[2018.11.13-16.57.33:388][  0]LogDerivedDataCache: Loaded boot cache 0.07s 87MB C:/Users/SacMakers/AppData/Local/UnrealEngine/4.20/DerivedDataCache/Boot.ddc.
[2018.11.13-16.57.33:388][  0]LogDerivedDataCache: Display: Loaded Boot cache: C:/Users/SacMakers/AppData/Local/UnrealEngine/4.20/DerivedDataCache/Boot.ddc
[2018.11.13-16.57.33:388][  0]LogDerivedDataCache: FDerivedDataBackendGraph:  Pak pak cache file ../../../../wizardWar/wizardWar_alpha/DerivedDataCache/DDC.ddp not found, will not use a pak cache.
[2018.11.13-16.57.33:388][  0]LogDerivedDataCache: Unable to find inner node Pak for hierarchical cache Hierarchy.
[2018.11.13-16.57.33:388][  0]LogDerivedDataCache: FDerivedDataBackendGraph:  CompressedPak pak cache file ../../../../wizardWar/wizardWar_alpha/DerivedDataCache/Compressed.ddp not found, will not use a pak cache.
[2018.11.13-16.57.33:388][  0]LogDerivedDataCache: Unable to find inner node CompressedPak for hierarchical cache Hierarchy.
[2018.11.13-16.57.33:400][  0]LogDerivedDataCache: Display: Pak cache opened for reading ../../../Engine/DerivedDataCache/Compressed.ddp.
[2018.11.13-16.57.33:412][  0]LogDerivedDataCache: Using Local data cache path C:/Users/SacMakers/AppData/Local/UnrealEngine/Common/DerivedDataCache: Writable
[2018.11.13-16.57.33:412][  0]LogDerivedDataCache: Shared data cache path not found in *engine.ini, will not use an Shared cache.
[2018.11.13-16.57.33:412][  0]LogDerivedDataCache: Unable to find inner node Shared for hierarchical cache Hierarchy.
[2018.11.13-16.57.33:428][  0]LogMaterial: Verifying Global Shaders for PCD3D_SM5
[2018.11.13-16.57.33:430][  0]LogSlate: Using FreeType 2.6.0
[2018.11.13-16.57.33:430][  0]LogSlate: SlateFontServices - WITH_FREETYPE: 1, WITH_HARFBUZZ: 1
[2018.11.13-16.57.33:508][  0]LogAssetRegistry: FAssetRegistry took 0.0253 seconds to start up
[2018.11.13-16.57.33:855][  0]LogInit: Selected Device Profile: [Windows]
[2018.11.13-16.57.33:976][  0]LogSimplygon: Simplygon DLL not present - disabling.
[2018.11.13-16.57.33:978][  0]LogMeshReduction: Using SimplygonSwarm for distributed automatic mesh merging
[2018.11.13-16.57.33:978][  0]LogMeshReduction: Using ProxyLODMeshReduction for automatic mesh merging
[2018.11.13-16.57.33:978][  0]LogMeshReduction: Using QuadricMeshReduction for automatic static mesh reduction
[2018.11.13-16.57.33:978][  0]LogMeshReduction: No automatic skeletal mesh reduction module available
[2018.11.13-16.57.33:996][  0]LogNetVersion: wizardWar_alpha 1.0.0, NetCL: 4212847, EngineNetVer: 5, GameNetVer: 0 (Checksum: 3113712179)
[2018.11.13-16.57.34:477][  0]LogPackageLocalizationCache: Processed 11 localized package path(s) for 2 prioritized culture(s) in 0.094678 seconds
[2018.11.13-16.57.34:482][  0]LogUObjectArray: 38425 objects as part of root set at end of initial load.
[2018.11.13-16.57.34:482][  0]LogUObjectAllocator: 6690872 out of 0 bytes used by permanent object pool.
[2018.11.13-16.57.34:482][  0]LogUObjectArray: CloseDisregardForGC: 0/0 objects in disregard for GC pool
[2018.11.13-16.57.35:363][  0]LogTcpMessaging: Initializing TcpMessaging bridge
[2018.11.13-16.57.35:388][  0]LogUdpMessaging: Initializing bridge on interface 0.0.0.0:0 to multicast group 230.0.0.1:6666.
[2018.11.13-16.57.35:522][  0]SourceControl: Source control is disabled
[2018.11.13-16.57.35:522][  0]SourceControl: Source control is disabled
[2018.11.13-16.57.35:523][  0]SourceControl: Source control is disabled
[2018.11.13-16.57.35:524][  0]SourceControl: Source control is disabled
[2018.11.13-16.57.35:673][  0]LogAndroidPermission: UAndroidPermissionCallbackProxy::GetInstance
[2018.11.13-16.57.35:714][  0]LogOcInput: OculusInput pre-init called
[2018.11.13-16.57.35:767][  0]LogEngine: Initializing Engine...
[2018.11.13-16.57.35:767][  0]LogHMD: Failed to initialize OpenVR with code 100
[2018.11.13-16.57.35:768][  0]LogStats: UGameplayTagsManager::ConstructGameplayTagTree: ImportINI prefixes -  0.000 s
[2018.11.13-16.57.35:769][  0]LogStats: UGameplayTagsManager::ConstructGameplayTagTree: Construct from data asset -  0.000 s
[2018.11.13-16.57.35:769][  0]LogStats: UGameplayTagsManager::ConstructGameplayTagTree: ImportINI -  0.000 s
[2018.11.13-16.57.35:769][  0]LogStats: UGameplayTagsManager::ConstructGameplayTagTree: GameplayTagTreeChangedEvent.Broadcast -  0.000 s
[2018.11.13-16.57.35:954][  0]LogInit: Initializing FReadOnlyCVARCache
[2018.11.13-16.57.35:963][  0]LogAIModule: Creating AISystem for world Untitled
[2018.11.13-16.57.35:983][  0]LogInit: XAudio2 using 'Speakers (Realtek High Definition Audio)' : 2 channels at 48 kHz using 32 bits per sample (channel mask 0x3)
[2018.11.13-16.57.36:001][  0]LogInit: FAudioDevice initialized.
[2018.11.13-16.57.36:001][  0]LogNetVersion: Set ProjectVersion to 1.0.0.0. Version Checksum will be recalculated on next use.
[2018.11.13-16.57.36:085][  0]LogDerivedDataCache: Saved boot cache 0.08s 87MB C:/Users/SacMakers/AppData/Local/UnrealEngine/4.20/DerivedDataCache/Boot.ddc.
[2018.11.13-16.57.36:095][  0]LogInit: Texture streaming: Enabled
[2018.11.13-16.57.36:107][  0]LogEngineSessionManager: EngineSessionManager initialized
[2018.11.13-16.57.36:120][  0]LogInit: Transaction tracking system initialized
[2018.11.13-16.57.36:133][  0]BlueprintLog: New page: Editor Load
[2018.11.13-16.57.36:292][  0]LocalizationService: Localization service is disabled
[2018.11.13-16.57.36:653][  0]LogFileCache: Scanning file cache for directory 'D:/wizardWar/wizardWar_alpha/Content/' took 0.01s
[2018.11.13-16.57.36:653][  0]LogCook: Display: Max memory allowance for cook 16384mb min free memory 0mb
[2018.11.13-16.57.36:653][  0]LogCook: Display: Mobile HDR setting 1
[2018.11.13-16.57.36:667][  0]LogGameplayTags: Display: UGameplayTagsManager::DoneAddingNativeTags. DelegateIsBound: 0
[2018.11.13-16.57.36:667][  0]LogStats: UGameplayTagsManager::ConstructGameplayTagTree: ImportINI prefixes -  0.000 s
[2018.11.13-16.57.36:667][  0]LogStats: UGameplayTagsManager::ConstructGameplayTagTree: Construct from data asset -  0.000 s
[2018.11.13-16.57.36:667][  0]LogStats: UGameplayTagsManager::ConstructGameplayTagTree: ImportINI -  0.000 s
[2018.11.13-16.57.36:667][  0]LogStats: UGameplayTagsManager::ConstructGameplayTagTree: GameplayTagTreeChangedEvent.Broadcast -  0.000 s
[2018.11.13-16.57.36:793][  0]SourceControl: Source control is disabled
[2018.11.13-16.57.36:794][  0]Cmd: MAP LOAD FILE="../../../../wizardWar/wizardWar_alpha/Content/TwinStickBP/Maps/TwinStickExampleMap.umap" TEMPLATE=0 SHOWPROGRESS=1 FEATURELEVEL=3
[2018.11.13-16.57.36:794][  0]LightingResults: New page: Lighting Build
[2018.11.13-16.57.36:796][  0]MapCheck: New page: Map Check
[2018.11.13-16.57.36:796][  0]LightingResults: New page: Lighting Build
[2018.11.13-16.57.37:835][  0]LogAIModule: Creating AISystem for world TwinStickExampleMap
[2018.11.13-16.57.37:925][  0]LogEditorServer: Finished looking for orphan Actors (0.000 secs)
[2018.11.13-16.57.37:955][  0]Cmd: MAP CHECKDEP NOCLEARLOG
[2018.11.13-16.57.38:014][  0]MapCheck: Map check complete: 0 Error(s), 0 Warning(s), took 58.064ms to complete.
[2018.11.13-16.57.38:014][  0]LogFileHelpers: Loading map 'TwinStickExampleMap' took 1.220
[2018.11.13-16.57.38:728][  0]LogSlate: Updating window title bar state: overlay mode, drag disabled, window buttons hidden, title bar hidden
[2018.11.13-16.57.38:780][  0]LogSlate: Updating window title bar state: overlay mode, drag disabled, window buttons hidden, title bar hidden
[2018.11.13-16.57.38:786][  0]LogSlate: Updating window title bar state: overlay mode, drag disabled, window buttons hidden, title bar hidden
[2018.11.13-16.57.38:792][  0]LogSlate: Updating window title bar state: overlay mode, drag disabled, window buttons hidden, title bar hidden
[2018.11.13-16.57.38:889][  0]LogCollectionManager: Loaded 0 collections in 0.000786 seconds
[2018.11.13-16.57.39:083][  0]LogFileCache: Scanning file cache for directory 'D:/wizardWar/wizardWar_alpha/Saved/Collections/' took 0.01s
[2018.11.13-16.57.39:083][  0]LogFileCache: Scanning file cache for directory 'D:/wizardWar/wizardWar_alpha/Content/Developers/SacMakers/Collections/' took 0.01s
[2018.11.13-16.57.39:083][  0]LogFileCache: Scanning file cache for directory 'D:/wizardWar/wizardWar_alpha/Content/Collections/' took 0.01s
[2018.11.13-16.57.39:083][  0]LogCollectionManager: Rebuilt the GUID cache for 0 collections in 0.000000 seconds
[2018.11.13-16.57.39:104][  0]LogContentBrowser: Native class hierarchy populated in 0.0177 seconds. Added 2572 classes and 603 folders.
[2018.11.13-16.57.39:222][  0]LogContentBrowser: Native class hierarchy updated for 'WidgetCarousel' in 0.0002 seconds. Added 0 classes and 0 folders.
[2018.11.13-16.57.39:279][  0]LogContentBrowser: Native class hierarchy updated for 'AddContentDialog' in 0.0002 seconds. Added 0 classes and 0 folders.
[2018.11.13-16.57.39:329][  0]LogContentBrowser: Native class hierarchy updated for 'SceneOutliner' in 0.0002 seconds. Added 1 classes and 2 folders.
[2018.11.13-16.57.39:824][  0]LogSlate: Took 0.000251 seconds to synchronously load lazily loaded font '../../../Engine/Content/Slate/Fonts/Roboto-Regular.ttf' (155K)
[2018.11.13-16.57.39:827][  0]LogSlate: Took 0.000296 seconds to synchronously load lazily loaded font '../../../Engine/Content/Slate/Fonts/Roboto-Bold.ttf' (160K)
[2018.11.13-16.57.39:927][  0]LogSlate: Took 0.013692 seconds to synchronously load lazily loaded font '../../../Engine/Content/Editor/Slate/Fonts/FontAwesome.ttf' (139K)
[2018.11.13-16.57.40:412][  0]LogRenderer: Reallocating scene render targets to support 640x372 Format 10 NumSamples 1 (Frame:1).
[2018.11.13-16.57.40:953][  0]LogContentBrowser: Native class hierarchy updated for 'HierarchicalLODOutliner' in 0.0002 seconds. Added 0 classes and 0 folders.
[2018.11.13-16.57.40:953][  0]LogLoad: (Engine Initialization) Total time: 12.10 seconds
[2018.11.13-16.57.40:953][  0]LogLoad: (Engine Initialization) Total Blueprint compile time: 0.00 seconds
[2018.11.13-16.57.40:964][  0]LogWindowsTextInputMethodSystem: Display: IME system now deactivated.
[2018.11.13-16.57.41:041][  0]LogContentStreaming: Texture pool size now 1000 MB
[2018.11.13-16.57.41:070][  0]LogSlate: Took 0.000201 seconds to synchronously load lazily loaded font '../../../Engine/Content/Slate/Fonts/Roboto-Light.ttf' (167K)
[2018.11.13-16.57.41:093][  1]LogAssetRegistry: Asset discovery search completed in 7.6072 seconds
[2018.11.13-16.57.41:094][  1]LogCollectionManager: Rebuilt the object cache for 0 collections in 0.000000 seconds (found 0 objects)
[2018.11.13-16.57.41:095][  1]LogCollectionManager: Fixed up redirectors for 0 collections in 0.000055 seconds (updated 0 objects)
[2018.11.13-17.02.16:632][ 30]LogSlate: FSceneViewport::OnFocusLost() reason 0
[2018.11.13-17.02.20:663][499]LogSlate: Window 'wizardWar_alpha - Unreal Editor' being destroyed
[2018.11.13-17.02.20:664][499]LogWindowsTextInputMethodSystem: Display: IME system now deactivated.
[2018.11.13-17.02.20:900][500]Cmd: QUIT_EDITOR
[2018.11.13-17.02.20:926][500]LogExit: Preparing to exit.
[2018.11.13-17.02.21:568][500]LogExit: Editor shut down
[2018.11.13-17.02.21:568][500]LogExit: Transaction tracking system shut down
[2018.11.13-17.02.22:217][500]LogExit: Object subsystem successfully closed.
[2018.11.13-17.02.22:239][500]LogShaderCompilers: Display: Shaders left to compile 0
[2018.11.13-17.02.22:242][500]LogD3D11RHI: Shutdown
[2018.11.13-17.02.22:242][500]LogD3D11RHI: CleanupD3DDevice
[2018.11.13-17.02.22:252][500]LogD3D11RHI: ~FD3D11DynamicRHI
[2018.11.13-17.02.22:269][500]LogModuleManager: Shutting down and abandoning module HierarchicalLODOutliner (610)
[2018.11.13-17.02.22:269][500]LogModuleManager: Shutting down and abandoning module SceneOutliner (608)
[2018.11.13-17.02.22:269][500]LogModuleManager: Shutting down and abandoning module AddContentDialog (606)
[2018.11.13-17.02.22:270][500]LogModuleManager: Shutting down and abandoning module WidgetCarousel (605)
[2018.11.13-17.02.22:270][500]LogModuleManager: Shutting down and abandoning module EditorWidgets (602)
[2018.11.13-17.02.22:270][500]LogModuleManager: Shutting down and abandoning module CollectionManager (600)
[2018.11.13-17.02.22:270][500]LogModuleManager: Shutting down and abandoning module StatsViewer (598)
[2018.11.13-17.02.22:270][500]LogModuleManager: Shutting down and abandoning module FoliageEdit (596)
[2018.11.13-17.02.22:270][500]LogModuleManager: Shutting down and abandoning module LandscapeEditor (594)
[2018.11.13-17.02.22:270][500]LogModuleManager: Shutting down and abandoning module MeshPaintMode (592)
[2018.11.13-17.02.22:270][500]LogModuleManager: Shutting down and abandoning module SceneDepthPickerMode (590)
[2018.11.13-17.02.22:270][500]LogModuleManager: Shutting down and abandoning module ActorPickerMode (588)
[2018.11.13-17.02.22:270][500]LogModuleManager: Shutting down and abandoning module GeometryMode (586)
[2018.11.13-17.02.22:270][500]LogModuleManager: Shutting down and abandoning module TextureAlignMode (584)
[2018.11.13-17.02.22:270][500]LogModuleManager: Shutting down and abandoning module BspMode (582)
[2018.11.13-17.02.22:270][500]LogModuleManager: Shutting down and abandoning module PIEPreviewDeviceProfileSelector (580)
[2018.11.13-17.02.22:270][500]LogModuleManager: Shutting down and abandoning module SequenceRecorderSections (578)
[2018.11.13-17.02.22:270][500]LogModuleManager: Shutting down and abandoning module AutomationWorker (576)
[2018.11.13-17.02.22:270][500]LogModuleManager: Shutting down and abandoning module AudioCaptureEditor (574)
[2018.11.13-17.02.22:270][500]LogModuleManager: Shutting down and abandoning module SequenceRecorder (573)
[2018.11.13-17.02.22:270][500]LogModuleManager: Shutting down and abandoning module MatineeToLevelSequence (570)
[2018.11.13-17.02.22:270][500]LogModuleManager: Shutting down and abandoning module LevelSequenceEditor (568)
[2018.11.13-17.02.22:270][500]LogModuleManager: Shutting down and abandoning module PlacementMode (567)
[2018.11.13-17.02.22:270][500]LogModuleManager: Shutting down and abandoning module MaterialEditor (566)
[2018.11.13-17.02.22:270][500]LogModuleManager: Shutting down and abandoning module WmfMediaFactory (562)
[2018.11.13-17.02.22:270][500]LogModuleManager: Shutting down and abandoning module WmfMediaEditor (560)
[2018.11.13-17.02.22:270][500]LogModuleManager: Shutting down and abandoning module MediaPlayerEditor (558)
[2018.11.13-17.02.22:270][500]LogModuleManager: Shutting down and abandoning module OpenExrWrapper (556)
[2018.11.13-17.02.22:270][500]LogModuleManager: Shutting down and abandoning module ImgMediaFactory (554)
[2018.11.13-17.02.22:270][500]LogModuleManager: Shutting down and abandoning module ImgMediaEditor (552)
[2018.11.13-17.02.22:270][500]LogModuleManager: Shutting down and abandoning module AvfMediaFactory (550)
[2018.11.13-17.02.22:271][500]LogModuleManager: Shutting down and abandoning module AvfMediaEditor (548)
[2018.11.13-17.02.22:271][500]LogModuleManager: Shutting down and abandoning module AndroidMediaFactory (546)
[2018.11.13-17.02.22:271][500]LogModuleManager: Shutting down and abandoning module AndroidMediaEditor (544)
[2018.11.13-17.02.22:271][500]LogModuleManager: Shutting down and abandoning module MagicLeapCameraPreviewFactory (542)
[2018.11.13-17.02.22:271][500]LogModuleManager: Shutting down and abandoning module MagicLeapMediaFactory (540)
[2018.11.13-17.02.22:271][500]LogModuleManager: Shutting down and abandoning module MagicLeapMediaEditor (538)
[2018.11.13-17.02.22:271][500]LogModuleManager: Shutting down and abandoning module CharacterAI (536)
[2018.11.13-17.02.22:271][500]LogModuleManager: Shutting down and abandoning module SmartSnapping (534)
[2018.11.13-17.02.22:271][500]LogModuleManager: Shutting down and abandoning module SessionServices (532)
[2018.11.13-17.02.22:271][500]LogModuleManager: Shutting down and abandoning module ViewportSnapping (530)
[2018.11.13-17.02.22:271][500]LogModuleManager: Shutting down and abandoning module ViewportInteraction (528)
[2018.11.13-17.02.22:271][500]LogModuleManager: Shutting down and abandoning module ClothPainter (526)
[2018.11.13-17.02.22:271][500]LogModuleManager: Shutting down and abandoning module SkeletalMeshEditor (525)
[2018.11.13-17.02.22:271][500]LogModuleManager: Shutting down and abandoning module LogVisualizer (522)
[2018.11.13-17.02.22:271][500]LogModuleManager: Shutting down and abandoning module IntroTutorials (520)
[2018.11.13-17.02.22:271][500]LogModuleManager: Shutting down and abandoning module GameProjectGeneration (519)
[2018.11.13-17.02.22:271][500]LogModuleManager: Shutting down and abandoning module LuminPlatformEditor (516)
[2018.11.13-17.02.22:271][500]LogModuleManager: Shutting down and abandoning module IOSPlatformEditor (514)
[2018.11.13-17.02.22:271][500]LogModuleManager: Shutting down and abandoning module HTML5PlatformEditor (512)
[2018.11.13-17.02.22:271][500]LogModuleManager: Shutting down and abandoning module AndroidPlatformEditor (510)
[2018.11.13-17.02.22:271][500]LogModuleManager: Shutting down and abandoning module AndroidDeviceDetection (509)
[2018.11.13-17.02.22:511][500]LogModuleManager: Shutting down and abandoning module WindowsPlatformEditor (506)
[2018.11.13-17.02.22:511][500]LogModuleManager: Shutting down and abandoning module LuminRuntimeSettings (504)
[2018.11.13-17.02.22:511][500]LogModuleManager: Shutting down and abandoning module IOSRuntimeSettings (502)
[2018.11.13-17.02.22:511][500]LogModuleManager: Shutting down and abandoning module AndroidRuntimeSettings (500)
[2018.11.13-17.02.22:511][500]LogModuleManager: Shutting down and abandoning module InputBindingEditor (498)
[2018.11.13-17.02.22:511][500]LogModuleManager: Shutting down and abandoning module MergeActors (496)
[2018.11.13-17.02.22:511][500]LogModuleManager: Shutting down and abandoning module LocalizationDashboard (494)
[2018.11.13-17.02.22:511][500]LogModuleManager: Shutting down and abandoning module LocalizationService (493)
[2018.11.13-17.02.22:511][500]LogModuleManager: Shutting down and abandoning module HardwareTargeting (490)
[2018.11.13-17.02.22:511][500]LogModuleManager: Shutting down and abandoning module DeviceProfileEditor (488)
[2018.11.13-17.02.22:511][500]LogModuleManager: Shutting down and abandoning module UndoHistory (486)
[2018.11.13-17.02.22:511][500]LogModuleManager: Shutting down and abandoning module XmlParser (484)
[2018.11.13-17.02.22:511][500]LogModuleManager: Shutting down and abandoning module Blutility (482)
[2018.11.13-17.02.22:511][500]LogModuleManager: Shutting down and abandoning module ProjectSettingsViewer (480)
[2018.11.13-17.02.22:512][500]LogModuleManager: Shutting down and abandoning module ProjectTargetPlatformEditor (479)
[2018.11.13-17.02.22:512][500]LogModuleManager: Shutting down and abandoning module EditorSettingsViewer (476)
[2018.11.13-17.02.22:512][500]LogModuleManager: Shutting down and abandoning module SettingsEditor (474)
[2018.11.13-17.02.22:512][500]LogModuleManager: Shutting down and abandoning module ProjectLauncher (472)
[2018.11.13-17.02.22:512][500]LogModuleManager: Shutting down and abandoning module SessionFrontend (470)
[2018.11.13-17.02.22:512][500]LogModuleManager: Shutting down and abandoning module ProfilerClient (468)
[2018.11.13-17.02.22:512][500]LogModuleManager: Shutting down and abandoning module DeviceManager (466)
[2018.11.13-17.02.22:512][500]LogModuleManager: Shutting down and abandoning module TargetDeviceServices (465)
[2018.11.13-17.02.22:565][500]LogModuleManager: Shutting down and abandoning module AutomationController (462)
[2018.11.13-17.02.22:565][500]LogModuleManager: Shutting down and abandoning module AutomationWindow (460)
[2018.11.13-17.02.22:565][500]LogModuleManager: Shutting down and abandoning module Layers (458)
[2018.11.13-17.02.22:565][500]LogModuleManager: Shutting down and abandoning module ComponentVisualizers (456)
[2018.11.13-17.02.22:565][500]LogModuleManager: Shutting down and abandoning module DetailCustomizations (454)
[2018.11.13-17.02.22:565][500]LogModuleManager: Shutting down and abandoning module PackagesDialog (452)
[2018.11.13-17.02.22:565][500]LogModuleManager: Shutting down and abandoning module Persona (450)
[2018.11.13-17.02.22:565][500]LogModuleManager: Shutting down and abandoning module AdvancedPreviewScene (449)
[2018.11.13-17.02.22:565][500]LogModuleManager: Shutting down and abandoning module AnimGraph (447)
[2018.11.13-17.02.22:565][500]LogModuleManager: Shutting down and abandoning module Kismet (444)
[2018.11.13-17.02.22:565][500]LogModuleManager: Shutting down and abandoning module GraphEditor (442)
[2018.11.13-17.02.22:565][500]LogModuleManager: Shutting down and abandoning module ClassViewer (440)
[2018.11.13-17.02.22:565][500]LogModuleManager: Shutting down and abandoning module Toolbox (438)
[2018.11.13-17.02.22:565][500]LogModuleManager: Shutting down and abandoning module ModuleUI (436)
[2018.11.13-17.02.22:565][500]LogModuleManager: Shutting down and abandoning module MovieSceneTools (434)
[2018.11.13-17.02.22:565][500]LogModuleManager: Shutting down and abandoning module OutputLog (432)
[2018.11.13-17.02.22:565][500]LogModuleManager: Shutting down and abandoning module GammaUI (430)
[2018.11.13-17.02.22:565][500]LogModuleManager: Shutting down and abandoning module Documentation (428)
[2018.11.13-17.02.22:565][500]LogModuleManager: Shutting down and abandoning module MovieSceneTracks (426)
[2018.11.13-17.02.22:565][500]LogModuleManager: Shutting down and abandoning module MovieScene (424)
[2018.11.13-17.02.22:565][500]LogModuleManager: Shutting down and abandoning module StreamingPauseRendering (422)
[2018.11.13-17.02.22:565][500]LogModuleManager: Shutting down and abandoning module LauncherPlatform (420)
[2018.11.13-17.02.22:565][500]LogModuleManager: Shutting down and abandoning module AnalyticsET (418)
[2018.11.13-17.02.22:565][500]LogModuleManager: Shutting down and abandoning module PortalServices (416)
[2018.11.13-17.02.22:565][500]LogModuleManager: Shutting down and abandoning module PortalRpc (414)
[2018.11.13-17.02.22:565][500]LogModuleManager: Shutting down and abandoning module MessagingRpc (412)
[2018.11.13-17.02.22:566][500]LogModuleManager: Shutting down and abandoning module AIModule (410)
[2018.11.13-17.02.22:566][500]LogModuleManager: Shutting down and abandoning module GameplayDebugger (409)
[2018.11.13-17.02.22:566][500]LogModuleManager: Shutting down and abandoning module AITestSuite (407)
[2018.11.13-17.02.22:566][500]LogModuleManager: Shutting down and abandoning module NavigationSystem (405)
[2018.11.13-17.02.22:566][500]LogModuleManager: Shutting down and abandoning module DesktopPlatform (402)
[2018.11.13-17.02.22:566][500]LogModuleManager: Shutting down and abandoning module ProfilerService (400)
[2018.11.13-17.02.22:782][500]LogModuleManager: Shutting down and abandoning module TaskGraph (398)
[2018.11.13-17.02.22:782][500]LogModuleManager: Shutting down and abandoning module SteamVRController (396)
[2018.11.13-17.02.22:782][500]LogModuleManager: Shutting down and abandoning module ProceduralMeshComponentEditor (394)
[2018.11.13-17.02.22:782][500]LogModuleManager: Shutting down and abandoning module ProceduralMeshComponent (392)
[2018.11.13-17.02.22:782][500]LogModuleManager: Shutting down and abandoning module OculusInput (390)
[2018.11.13-17.02.22:782][500]LogModuleManager: Shutting down and abandoning module MobilePatchingUtils (388)
[2018.11.13-17.02.22:782][500]LogModuleManager: Shutting down and abandoning module EditableMesh (386)
[2018.11.13-17.02.22:782][500]LogModuleManager: Shutting down and abandoning module CustomMeshComponent (384)
[2018.11.13-17.02.22:782][500]LogModuleManager: Shutting down and abandoning module CableComponent (382)
[2018.11.13-17.02.22:782][500]LogModuleManager: Shutting down and abandoning module AudioCapture (380)
[2018.11.13-17.02.22:782][500]LogModuleManager: Shutting down and abandoning module ArchVisCharacter (378)
[2018.11.13-17.02.22:782][500]LogModuleManager: Shutting down and abandoning module AndroidPermission (376)
[2018.11.13-17.02.22:782][500]LogModuleManager: Shutting down and abandoning module NUTUnrealEngine4 (374)
[2018.11.13-17.02.22:782][500]LogModuleManager: Shutting down and abandoning module NetcodeUnitTest (372)
[2018.11.13-17.02.22:783][500]LogModuleManager: Shutting down and abandoning module MediaCompositingEditor (370)
[2018.11.13-17.02.22:783][500]LogModuleManager: Shutting down and abandoning module MediaCompositing (368)
[2018.11.13-17.02.22:783][500]LogModuleManager: Shutting down and abandoning module LinearTimecode (366)
[2018.11.13-17.02.22:783][500]LogModuleManager: Shutting down and abandoning module ImgMedia (364)
[2018.11.13-17.02.22:786][500]LogModuleManager: Shutting down and abandoning module HTML5Networking (362)
[2018.11.13-17.02.22:786][500]LogModuleManager: Shutting down and abandoning module GeometryCacheTracks (360)
[2018.11.13-17.02.22:786][500]LogModuleManager: Shutting down and abandoning module GeometryCacheSequencer (358)
[2018.11.13-17.02.22:786][500]LogModuleManager: Shutting down and abandoning module BackChannel (356)
[2018.11.13-17.02.22:786][500]LogModuleManager: Shutting down and abandoning module AppleVision (354)
[2018.11.13-17.02.22:786][500]LogModuleManager: Shutting down and abandoning module AppleImageUtils (352)
[2018.11.13-17.02.22:786][500]LogModuleManager: Shutting down and abandoning module AlembicImporter (350)
[2018.11.13-17.02.22:786][500]LogModuleManager: Shutting down and abandoning module AlembicLibrary (349)
[2018.11.13-17.02.22:786][500]LogModuleManager: Shutting down and abandoning module GeometryCache (348)
[2018.11.13-17.02.22:786][500]LogModuleManager: Shutting down and abandoning module GeometryCacheEd (347)
[2018.11.13-17.02.22:786][500]LogModuleManager: Shutting down and abandoning module DatasmithContentEditor (342)
[2018.11.13-17.02.22:786][500]LogModuleManager: Shutting down and abandoning module DatasmithContent (340)
[2018.11.13-17.02.22:787][500]LogModuleManager: Shutting down and abandoning module SpeedTreeImporter (338)
[2018.11.13-17.02.22:787][500]LogModuleManager: Shutting down and abandoning module PluginBrowser (336)
[2018.11.13-17.02.22:787][500]LogModuleManager: Shutting down and abandoning module MobileLauncherProfileWizard (334)
[2018.11.13-17.02.22:787][500]LogModuleManager: Shutting down and abandoning module PolygonModeling (332)
[2018.11.13-17.02.22:787][500]LogModuleManager: Shutting down and abandoning module MeshEditor (330)
[2018.11.13-17.02.22:787][500]LogModuleManager: Shutting down and abandoning module CryptoKeysOpenSSL (328)
[2018.11.13-17.02.22:787][500]LogModuleManager: Shutting down and abandoning module CryptoKeys (326)
[2018.11.13-17.02.22:787][500]LogModuleManager: Shutting down and abandoning module VisualStudioSourceCodeAccess (324)
[2018.11.13-17.02.22:787][500]LogModuleManager: Shutting down and abandoning module VisualStudioCodeSourceCodeAccess (322)
[2018.11.13-17.02.22:787][500]LogModuleManager: Shutting down and abandoning module UObjectPlugin (320)
[2018.11.13-17.02.22:787][500]LogModuleManager: Shutting down and abandoning module SubversionSourceControl (318)
[2018.11.13-17.02.22:787][500]LogModuleManager: Shutting down and abandoning module PerforceSourceControl (316)
[2018.11.13-17.02.22:787][500]LogModuleManager: Shutting down and abandoning module GitSourceControl (314)
[2018.11.13-17.02.22:787][500]LogModuleManager: Shutting down and abandoning module SourceControl (313)
[2018.11.13-17.02.22:787][500]LogModuleManager: Shutting down and abandoning module CLionSourceCodeAccess (310)
[2018.11.13-17.02.22:787][500]LogModuleManager: Shutting down and abandoning module LightPropagationVolumeEditor (308)
[2018.11.13-17.02.22:787][500]LogModuleManager: Shutting down and abandoning module PaperTiledImporter (306)
[2018.11.13-17.02.22:787][500]LogModuleManager: Shutting down and abandoning module PaperSpriteSheetImporter (304)
[2018.11.13-17.02.22:787][500]LogModuleManager: Shutting down and abandoning module Paper2DEditor (302)
[2018.11.13-17.02.22:787][500]LogModuleManager: Shutting down and abandoning module MeshPaint (301)
[2018.11.13-17.02.22:787][500]LogModuleManager: Shutting down and abandoning module RuntimePhysXCooking (298)
[2018.11.13-17.02.22:787][500]LogModuleManager: Shutting down and abandoning module PhysXVehiclesEditor (296)
[2018.11.13-17.02.22:787][500]LogModuleManager: Shutting down and abandoning module PhysXVehicles (294)
[2018.11.13-17.02.22:787][500]LogModuleManager: Shutting down and abandoning module OculusEditor (292)
[2018.11.13-17.02.22:787][500]LogModuleManager: Shutting down and abandoning module LocationServicesBPLibrary (290)
[2018.11.13-17.02.22:787][500]LogModuleManager: Shutting down and abandoning module ImmediatePhysicsEditor (288)
[2018.11.13-17.02.22:787][500]LogModuleManager: Shutting down and abandoning module ImmediatePhysics (286)
[2018.11.13-17.02.22:787][500]LogModuleManager: Shutting down and abandoning module ActorSequence (284)
[2018.11.13-17.02.22:787][500]LogModuleManager: Shutting down and abandoning module UdpMessaging (282)
[2018.11.13-17.02.22:889][500]LogModuleManager: Shutting down and abandoning module TcpMessaging (280)
[2018.11.13-17.02.22:990][500]LogModuleManager: Shutting down and abandoning module MagicLeapAudio (278)
[2018.11.13-17.02.22:990][500]LogModuleManager: Shutting down and abandoning module GameplayTagsEditor (276)
[2018.11.13-17.02.22:990][500]LogModuleManager: Shutting down and abandoning module FacialAnimationEditor (274)
[2018.11.13-17.02.22:990][500]LogModuleManager: Shutting down and abandoning module FacialAnimation (272)
[2018.11.13-17.02.22:990][500]LogModuleManager: Shutting down and abandoning module DataValidation (270)
[2018.11.13-17.02.22:990][500]LogModuleManager: Shutting down and abandoning module AssetManagerEditor (268)
[2018.11.13-17.02.22:990][500]LogModuleManager: Shutting down and abandoning module LevelEditor (267)
[2018.11.13-17.02.22:990][500]LogModuleManager: Shutting down and abandoning module PixelInspectorModule (266)
[2018.11.13-17.02.22:990][500]LogModuleManager: Shutting down and abandoning module CommonMenuExtensions (264)
[2018.11.13-17.02.22:990][500]LogModuleManager: Shutting down and abandoning module MainFrame (262)
[2018.11.13-17.02.22:990][500]LogModuleManager: Shutting down and abandoning module HotReload (261)
[2018.11.13-17.02.22:991][500]LogModuleManager: Shutting down and abandoning module ContentBrowser (257)
[2018.11.13-17.02.22:992][500]LogModuleManager: Shutting down and abandoning module TreeMap (255)
[2018.11.13-17.02.22:992][500]LogModuleManager: Shutting down and abandoning module LightPropagationVolumeRuntime (252)
[2018.11.13-17.02.22:992][500]LogModuleManager: Shutting down and abandoning module AISupportModule (250)
[2018.11.13-17.02.22:992][500]LogModuleManager: Shutting down and abandoning module Paper2D (248)
[2018.11.13-17.02.22:992][500]LogModuleManager: Shutting down and abandoning module WindowsMoviePlayer (246)
[2018.11.13-17.02.22:992][500]LogModuleManager: Shutting down and abandoning module WmfMedia (244)
[2018.11.13-17.02.22:993][500]LogModuleManager: Shutting down and abandoning module Media (243)
[2018.11.13-17.02.22:998][500]LogModuleManager: Shutting down and abandoning module PacketHandler (240)
[2018.11.13-17.02.22:998][500]LogModuleManager: Shutting down and abandoning module ClothingSystemEditor (238)
[2018.11.13-17.02.22:998][500]LogModuleManager: Shutting down and abandoning module ClothingSystemRuntime (236)
[2018.11.13-17.02.22:998][500]LogModuleManager: Shutting down and abandoning module MediaAssets (234)
[2018.11.13-17.02.22:998][500]LogModuleManager: Shutting down and abandoning module Overlay (232)
[2018.11.13-17.02.22:998][500]LogModuleManager: Shutting down and abandoning module OverlayEditor (231)
[2018.11.13-17.02.22:998][500]LogModuleManager: Shutting down and abandoning module VREditor (228)
[2018.11.13-17.02.22:998][500]LogModuleManager: Shutting down and abandoning module StringTableEditor (226)
[2018.11.13-17.02.22:998][500]LogModuleManager: Shutting down and abandoning module GameplayTasksEditor (224)
[2018.11.13-17.02.22:998][500]LogModuleManager: Shutting down and abandoning module BehaviorTreeEditor (222)
[2018.11.13-17.02.22:998][500]LogModuleManager: Shutting down and abandoning module FunctionalTesting (220)
[2018.11.13-17.02.22:998][500]LogModuleManager: Shutting down and abandoning module CollisionAnalyzer (218)
[2018.11.13-17.02.22:998][500]LogModuleManager: Shutting down and abandoning module WorkspaceMenuStructure (217)
[2018.11.13-17.02.22:998][500]LogModuleManager: Shutting down and abandoning module UMG (214)
[2018.11.13-17.02.22:998][500]LogModuleManager: Shutting down and abandoning module UMGEditor (213)
[2018.11.13-17.02.22:998][500]LogModuleManager: Shutting down and abandoning module Sequencer (212)
[2018.11.13-17.02.22:998][500]LogModuleManager: Shutting down and abandoning module MessageLog (209)
[2018.11.13-17.02.22:998][500]LogModuleManager: Shutting down and abandoning module SlateReflector (204)
[2018.11.13-17.02.22:998][500]LogModuleManager: Shutting down and abandoning module Slate (202)
[2018.11.13-17.02.22:998][500]LogModuleManager: Shutting down and abandoning module EditorStyle (200)
[2018.11.13-17.02.23:000][500]LogModuleManager: Shutting down and abandoning module MRMesh (198)
[2018.11.13-17.02.23:000][500]LogModuleManager: Shutting down and abandoning module SourceCodeAccess (196)
[2018.11.13-17.02.23:000][500]LogModuleManager: Shutting down and abandoning module HeadMountedDisplay (194)
[2018.11.13-17.02.23:000][500]LogModuleManager: Shutting down and abandoning module XAudio2 (192)
[2018.11.13-17.02.23:000][500]LogModuleManager: Shutting down and abandoning module Networking (190)
[2018.11.13-17.02.23:000][500]LogModuleManager: Shutting down and abandoning module Core (188)
[2018.11.13-17.02.23:000][500]LogModuleManager: Shutting down and abandoning module LevelSequence (186)
[2018.11.13-17.02.23:000][500]LogModuleManager: Shutting down and abandoning module KismetCompiler (184)
[2018.11.13-17.02.23:000][500]LogModuleManager: Shutting down and abandoning module MeshUtilities (182)
[2018.11.13-17.02.23:000][500]LogModuleManager: Shutting down and abandoning module MeshMergeUtilities (181)
[2018.11.13-17.02.23:000][500]LogModuleManager: Shutting down and abandoning module MeshReductionInterface (180)
[2018.11.13-17.02.23:000][500]LogModuleManager: Shutting down and abandoning module SimplygonSwarm (179)
[2018.11.13-17.02.23:000][500]LogModuleManager: Shutting down and abandoning module ProxyLODMeshReduction (177)
[2018.11.13-17.02.23:000][500]LogModuleManager: Shutting down and abandoning module SimplygonMeshReduction (175)
[2018.11.13-17.02.23:000][500]LogModuleManager: Shutting down and abandoning module QuadricMeshReduction (173)
[2018.11.13-17.02.23:000][500]LogModuleManager: Shutting down and abandoning module MaterialBaking (169)
[2018.11.13-17.02.23:000][500]LogModuleManager: Shutting down and abandoning module DirectoryWatcher (165)
[2018.11.13-17.02.23:000][500]LogModuleManager: Shutting down and abandoning module DerivedDataCache (162)
[2018.11.13-17.02.23:044][500]LogDerivedDataCache: Shutdown
[2018.11.13-17.02.23:044][500]LogModuleManager: Shutting down and abandoning module XGEController (160)
[2018.11.13-17.02.23:044][500]LogModuleManager: Shutting down and abandoning module TargetPlatform (158)
[2018.11.13-17.02.23:044][500]LogModuleManager: Shutting down and abandoning module VulkanShaderFormat (157)
[2018.11.13-17.02.23:044][500]LogModuleManager: Shutting down and abandoning module ShaderFormatVectorVM (155)
[2018.11.13-17.02.23:044][500]LogModuleManager: Shutting down and abandoning module ShaderFormatOpenGL (153)
[2018.11.13-17.02.23:044][500]LogModuleManager: Shutting down and abandoning module ShaderFormatD3D (151)
[2018.11.13-17.02.23:044][500]LogModuleManager: Shutting down and abandoning module MetalShaderFormat (149)
[2018.11.13-17.02.23:044][500]LogModuleManager: Shutting down and abandoning module TextureFormatUncompressed (147)
[2018.11.13-17.02.23:044][500]LogModuleManager: Shutting down and abandoning module TextureFormatPVR (145)
[2018.11.13-17.02.23:044][500]LogModuleManager: Shutting down and abandoning module TextureFormatDXT (143)
[2018.11.13-17.02.23:044][500]LogModuleManager: Shutting down and abandoning module TextureFormatIntelISPCTexComp (141)
[2018.11.13-17.02.23:044][500]LogModuleManager: Shutting down and abandoning module TextureFormatASTC (139)
[2018.11.13-17.02.23:044][500]LogModuleManager: Shutting down and abandoning module ImageWrapper (138)
[2018.11.13-17.02.23:044][500]LogModuleManager: Shutting down and abandoning module TextureFormatAndroid (135)
[2018.11.13-17.02.23:044][500]LogModuleManager: Shutting down and abandoning module AudioFormatOpus (133)
[2018.11.13-17.02.23:045][500]LogModuleManager: Shutting down and abandoning module AudioFormatOgg (131)
[2018.11.13-17.02.23:045][500]LogModuleManager: Shutting down and abandoning module AudioFormatADPCM (129)
[2018.11.13-17.02.23:045][500]LogModuleManager: Shutting down and abandoning module LuminTargetPlatform (127)
[2018.11.13-17.02.23:045][500]LogModuleManager: Shutting down and abandoning module LinuxTargetPlatform (125)
[2018.11.13-17.02.23:045][500]LogModuleManager: Shutting down and abandoning module LinuxServerTargetPlatform (123)
[2018.11.13-17.02.23:045][500]LogModuleManager: Shutting down and abandoning module LinuxNoEditorTargetPlatform (121)
[2018.11.13-17.02.23:045][500]LogModuleManager: Shutting down and abandoning module LinuxClientTargetPlatform (119)
[2018.11.13-17.02.23:045][500]LogModuleManager: Shutting down and abandoning module TVOSTargetPlatform (117)
[2018.11.13-17.02.23:045][500]LogModuleManager: Shutting down and abandoning module Messaging (115)
[2018.11.13-17.02.23:045][500]LogModuleManager: Shutting down and abandoning module IOSTargetPlatform (113)
[2018.11.13-17.02.23:046][500]LogModuleManager: Shutting down and abandoning module HTML5TargetPlatform (111)
[2018.11.13-17.02.23:046][500]LogModuleManager: Shutting down and abandoning module AndroidTargetPlatform (109)
[2018.11.13-17.02.23:051][500]LogModuleManager: Shutting down and abandoning module WindowsTargetPlatform (107)
[2018.11.13-17.02.23:051][500]LogModuleManager: Shutting down and abandoning module WindowsServerTargetPlatform (105)
[2018.11.13-17.02.23:051][500]LogModuleManager: Shutting down and abandoning module WindowsNoEditorTargetPlatform (103)
[2018.11.13-17.02.23:051][500]LogModuleManager: Shutting down and abandoning module WindowsClientTargetPlatform (101)
[2018.11.13-17.02.23:052][500]LogModuleManager: Shutting down and abandoning module MacTargetPlatform (99)
[2018.11.13-17.02.23:052][500]LogModuleManager: Shutting down and abandoning module MacServerTargetPlatform (97)
[2018.11.13-17.02.23:052][500]LogModuleManager: Shutting down and abandoning module MacNoEditorTargetPlatform (95)
[2018.11.13-17.02.23:052][500]LogModuleManager: Shutting down and abandoning module MacClientTargetPlatform (93)
[2018.11.13-17.02.23:052][500]LogModuleManager: Shutting down and abandoning module AllDesktopTargetPlatform (91)
[2018.11.13-17.02.23:052][500]LogModuleManager: Shutting down and abandoning module InputCore (88)
[2018.11.13-17.02.23:052][500]LogModuleManager: Shutting down and abandoning module Settings (86)
[2018.11.13-17.02.23:052][500]LogModuleManager: Shutting down and abandoning module PhysXCooking (84)
[2018.11.13-17.02.23:052][500]LogModuleManager: Shutting down and abandoning module SteamVR (82)
[2018.11.13-17.02.23:052][500]LogModuleManager: Shutting down and abandoning module OculusHMD (80)
[2018.11.13-17.02.23:052][500]LogModuleManager: Shutting down and abandoning module ExampleDeviceProfileSelector (78)
[2018.11.13-17.02.23:052][500]LogModuleManager: Shutting down and abandoning module LauncherChunkInstaller (76)
[2018.11.13-17.02.23:052][500]LogModuleManager: Shutting down and abandoning module OnlineBlueprintSupport (74)
[2018.11.13-17.02.23:052][500]LogModuleManager: Shutting down and abandoning module OnlineSubsystem (70)
[2018.11.13-17.02.23:052][500]LogModuleManager: Shutting down and abandoning module XMPP (65)
[2018.11.13-17.02.23:053][500]LogModuleManager: Shutting down and abandoning module WebSockets (64)
[2018.11.13-17.02.23:083][500]LogModuleManager: Shutting down and abandoning module HTTP (61)
[2018.11.13-17.02.23:083][500]LogHttp: Display: Http module shutting down, but needs to wait on 1 outstanding Http requests:
[2018.11.13-17.02.23:083][500]LogHttp: Display: 	verb=[POST] url=[https://datarouter.ol.epicgames.com/datarouter/api/v1/public/data?SessionID=%7B206BAAA0-457F-9052-D176-25846986F8EB%7D&AppID=UEEditor.Rocket.Release&AppVersion=4.20.3-4369336%2B%2B%2BUE4%2BRelease-4.20&UserID=2b7259914b5ab984e908b48d325f0f5b%7Ce2a335f1a7a447ebadf0dc00688835c6%7C63f3e1e5-0e4a-40bf-85be-d4deeac22f61&AppEnvironment=datacollector-binary&UploadType=eteventstream] status=Processing
[2018.11.13-17.02.23:118][500]LogModuleManager: Shutting down and abandoning module SSL (60)
[2018.11.13-17.02.23:119][500]LogModuleManager: Shutting down and abandoning module MagicLeapEmulator (56)
[2018.11.13-17.02.23:119][500]LogModuleManager: Shutting down and abandoning module MagicLeapPrivileges (54)
[2018.11.13-17.02.23:119][500]LogModuleManager: Shutting down and abandoning module MagicLeapIdentity (52)
[2018.11.13-17.02.23:119][500]LogModuleManager: Shutting down and abandoning module MagicLeapHelperVulkan (50)
[2018.11.13-17.02.23:119][500]LogModuleManager: Shutting down and abandoning module MagicLeapHelperOpenGL (48)
[2018.11.13-17.02.23:119][500]LogModuleManager: Shutting down and abandoning module MagicLeapSecureStorage (46)
[2018.11.13-17.02.23:119][500]LogModuleManager: Shutting down and abandoning module MagicLeapGestures (44)
[2018.11.13-17.02.23:119][500]LogModuleManager: Shutting down and abandoning module MagicLeapEyeTracker (42)
[2018.11.13-17.02.23:119][500]LogModuleManager: Shutting down and abandoning module MagicLeapController (40)
[2018.11.13-17.02.23:119][500]LogSlate: Slate User Destroyed.  User Index 0, Is Virtual User: 0
[2018.11.13-17.02.23:119][500]LogModuleManager: Shutting down and abandoning module MagicLeap (38)
[2018.11.13-17.02.23:119][500]LogModuleManager: Shutting down and abandoning module AnimationModifiers (36)
[2018.11.13-17.02.23:119][500]LogModuleManager: Shutting down and abandoning module PropertyEditor (35)
[2018.11.13-17.02.23:119][500]LogModuleManager: Shutting down and abandoning module AudioEditor (32)
[2018.11.13-17.02.23:119][500]LogModuleManager: Shutting down and abandoning module TextureCompressor (30)
[2018.11.13-17.02.23:119][500]LogModuleManager: Shutting down and abandoning module ShaderCore (28)
[2018.11.13-17.02.23:119][500]LogModuleManager: Shutting down and abandoning module Landscape (26)
[2018.11.13-17.02.23:119][500]LogModuleManager: Shutting down and abandoning module SlateRHIRenderer (24)
[2018.11.13-17.02.23:119][500]LogModuleManager: Shutting down and abandoning module OpenGLDrv (22)
[2018.11.13-17.02.23:119][500]LogModuleManager: Shutting down and abandoning module D3D11RHI (20)
[2018.11.13-17.02.23:119][500]LogModuleManager: Shutting down and abandoning module AnimGraphRuntime (18)
[2018.11.13-17.02.23:119][500]LogModuleManager: Shutting down and abandoning module Renderer (16)
[2018.11.13-17.02.23:119][500]LogModuleManager: Shutting down and abandoning module Engine (14)
[2018.11.13-17.02.23:119][500]LogModuleManager: Shutting down and abandoning module CoreUObject (12)
[2018.11.13-17.02.23:120][500]LogModuleManager: Shutting down and abandoning module NetworkFile (10)
[2018.11.13-17.02.23:120][500]LogModuleManager: Shutting down and abandoning module CookedIterativeFile (8)
[2018.11.13-17.02.23:120][500]LogModuleManager: Shutting down and abandoning module StreamingFile (6)
[2018.11.13-17.02.23:120][500]LogModuleManager: Shutting down and abandoning module SandboxFile (4)
[2018.11.13-17.02.23:120][500]LogModuleManager: Shutting down and abandoning module PakFile (2)
[2018.11.13-17.02.23:126][500]LogExit: Exiting.
[2018.11.13-17.02.23:166][500]Log file closed, 11/13/18 09:02:23
